[    0.000000] Initializing cgroup subsys cpuset
[    0.000000] Initializing cgroup subsys cpu
[    0.000000] Initializing cgroup subsys cpuacct
[    0.000000] Linux version 4.4.0-116-generic (buildd@lgw01-amd64-021) (gcc version 5.4.0 20160609 (Ubuntu 5.4.0-6ubuntu1~16.04.9) ) #140-Ubuntu SMP Mon Feb 12 21:23:04 UTC 2018 (Ubuntu 4.4.0-116.140-generic 4.4.98)
[    0.000000] Command line: BOOT_IMAGE=/boot/vmlinuz-4.4.0-116-generic root=LABEL=cloudimg-rootfs ro cosoe=tt csole=tyS
  0.0000] RNELuprtd cpus
[  0.00]  Int GuieIntl[   0.00]  AMDutntcAMD
[  0.000] Cntaur CntrHuls  0.0000] 6/fpu:ste_ffse2] 576xstesize2] 26
[  00000] x86/u:uportingXSE eatue 01'x87 foangoint rgier'
[   00000] x6/u:Supprtg AVE feure 0x2: 'SEegters'
[    0.000000x86/u:uportingSA featu 04:'A risers'[  0.0000]86/fpuEnle xtae eaurs 0x7,onxtsize i83bytes,si 'tandar fmat.
  .00000x8fpu: Unglay' FPUonext switch.    0.00] e8: OSprovid psical M p:
[  00000] OS82: [memx0000000000-x0000009fb] able
[  000000]IOe80:me0x0000009f00-0x000000000009ffff] reserved
[    0.000000] BIOS-e820: [mem 0x00000000000f0000-0x00000000000fffff] reserved
[    0.000000] BIOS-e820: [mem 0x0000000000100000-0x000000007ffeffff] usable
[    0.000000] BIOS-e820: [mem 0x000000007fff0000-0x000000007fffffff] ACPI data
[    0.000000] BIOS-e820: [mem 0x00000000fec00000-0x00000000fec00fff] reserved
[    0.000000] BIOS-e820: [mem 0x00000000fee00000x000000ee00ff resve
[   0000]BIOS82 [em 0x0000fff000x000000fffff] resrv
    0000]NX (ExutDisabl) otctio aiv
[  00000SMOS2.5 prse.
[  00000] Hpeisr detected: VM
[  000000]82 lst_pfn = 0x7ff mx_arh_n  0x40000
[    0.000000] MTRR: Disabled
[    0.000000] x86/PAT: MTRRs dsale, kippin P iitiaizio too
   00000] U MTRRs llblk - vituizd systm.[   .000] x8/P: nfigaton0-]: WB  WT  UC- UC  WB  WT  UC- UC  
[    0.000000] found SMP MP-table at [mem 0x0009fff0-0x0009ffff] mapped  [fff8800000ff0][  0.00000] Scanng 1 aasorlow meorcorupton[    0000] RAMSK[mem0xab000-03750f]
   000000] AI:Early ab checksu vification diabed
[   0000] CP RP 0x0000000E00 0024 (v2 OX )
[  0.00000] AC: DT0x0000FFF003003C(v01VB  BOXXSD 00001 A  000061)   0.000000]ACI: FP 00000007F00 00004 04VBOX   VBOXFACP 00000001 ASL  00000061)
[    0.000000] ACPI: DSDT 0x000000007FFF0470 0021FF (v02 VBOX   VBOXBIOS 00000002 INTL 20160108)
[    0.000000] ACPI: FACS 0x000000007FFF0200 0000
   0000000 API FCS0xx0000007FF000000040
   000000] PI AC 0x000007FF02400005 (02 VBOX   VBXAIC0000001 SL 00061)[  000000]ACI:SST 0x0000007FF0A0 000CC(v1 BO   VBOXCPT 00002 NT200108)[  0000000]  NMA conigaton fun
[  0.0000Fakinga det [mem0x00000000000-000000007fffff]
[    0.000000] NODE_DATA(0) allocated [mem 0x7ffeb000-0x7ffeffff]
[    0.000000] kvm-clock: Using msrs 4b564d01 and 4b564d00
[    0.000000] kvm-clock: cpu 0, msr 0:7ffe3001, primary cpu clock
[    0.000000] kvm-clock: using sched offset of 3248249752 cycles
[    0.000000] clocksource: kvm-clock: mask: 0xffffffffffffffff max_cycles: 0x1cd42e4dffb, max_idle_ns: 881590591483 ns
[    0.000000] Zone ranges:
[    0.000000]   DMA      [mem 0x0000000000001000-0x0000000000ffffff]
[    0.000000]   DMA32    [mem 0x0000000001000000-0x000000007ffeffff]
[    0.000000]   Normal   empty
[    0.000000]   Device   empty
[    0.000000] Movable zone start for each node
[    0.000000] Early memory node ranges
[    0.000000]   node   0: [mem 0x0000000000001000-0x000000000009efff]
[    0.000000]   node   0: [mem 0x0000000000100000-0x000000007ffeffff]
[    0.000000] Initmem setup node 0 [mem 0x0000000000001000-0x000000007ffeffff]
[    0.000000] ACPI: PM-Timer IO Port: 0x4008
[    0.000000] IOAPIC[0]: apic_id 2, version 32, address 0xfec00000, GSI 0-23
[    0.000000] ACPI: INT_SRC_OVR (bus 0 bus_irq 0 global_irq 2 dfl dfl)
[    0.000000] ACPI: INT_SRC_OVR (bus 0 bus_irq 9 global_irq 9 low level)
[    0.000000] Using ACPI (MADT) for SMP configuration information
[    0.000000] smpboot: Allowig  Cs, 0 hotpl Cs
[  00000] PMRester nav memor: em0x00000-00000f][    00000PM: Reiser nsavemeor: em 0009f0-0x0009fff]
[    00000] PMResterednoveemory:me0x000a00x000ff][    0000]PM: egisted osav mor: [mem0x0f000-x0fff]
  0.0000] 20[mm 0x80000-xfebfff]valabl f P devics   0000]Bootg rairuazekerneln M
[  00000]clksuucerene-jiffis:as 0xfffffff m_cycle 0ffff, axidlens 745190021158 s[   0.0000 sup_perpuNR_CPU:5 n_cpuasbi:512 ncpid:2 nr_odid:1
[  00000] RC: Emedd  pagespufff88007000 s995 r92d3152810576    0.000]V spinckas tableenie: 25 (rd: , 4096 bte
    0.000]Buil1 onlists n od oer, moily roupngn.Total ag: 15961  0.00000]olcy ze:MA2
[   0.000] rn cmmanli: OOT_MA=/oot/vmnu4..0-116enicroot=LELloudimg-oos o onoltt1 coso=tS0
[  .0000] P hh able eri: 4096orr:3, 327 bes)
[   0000] Meor 23384K/966K aille(8530Kkeelcode, 30 rdata 32Kodata, 108int, 131 b, 6248rerved, K a-served
  0.0000] LU: HWig64 Ord=0, inObjes= CPUs=, de=1
  0.00000] Kernel/sepae ables soaton eabled
[  00000] ierccal RC ileentatin.[    00000	Build-time djtment f affant  6.
[  00000] CUesrictin Cs rom _CUS512 to n_cu_s=2.
[   .0000]RCU: Adjti gometryforc_fanout_lef=64nrcpids=2
[  00000]R_QS:324r_rqs:406[    0000]Consol: colo VGA+ 0x
    0000] onletty1 enale
   0.0000]conslett0] enale
[   0.000000] tsc: Detected 3695.982 MHz processor
[   16.226702] Calibrating delay loop (skipped) preset value.. 7391.96 BogoMIPS (lpj=14783928)
[   16.374307] pid_max: default: 32768 minimum: 301
[   16.480017] ACPI: Core revision 20150930
[   16.562424] ACPI: 2 ACPI AML table successfully acquired and loaded
[   16.701786] Security Framework initialized
[   16.787562] Yama: becoming mindful.
[   16.858507] AppArmor: AppArmor initialized
[   16.927267] Dentry cache hash table entries: 262144 (order: 9, 2097152 bytes)
[   17.068416] Inode-cache hash table entries: 131072 (order: 8, 1048576 bytes)
[   17.227547] Mount-cache hash table entries: 4096 (order: 3, 32768 bytes)
[   17.367722] Mountpoint-cache hash table entries: 4096 (order: 3, 32768 bytes)
[   17.537532] Initializing cgroup subsys io
[   17.595393] Initializing cgroup subsys memory
[   17.666871] Initializing cgroup subsys devices
[   17.763887] Initializing cgroup subsys freezer
[   17.861691] Initializing cgroup subsys net_cls
[   17.982579] Initializing cgroup subsys perf_event
[   18.110076] Initializing cgroup subsys net_prio
[   18.211102] Initializing cgroup subsys hugetlb
[   18.318637] Initializing cgroup subsys pids
[   18.419880] CPU: Physical Processor ID: 0
[   18.503616] CPU: Processor Core ID: 0
[   18.588975] FEATURE SPEC_CTRL Not Present
[   18.647145] mce: CPU supports 0 MCE banks
[   18.734465] Last level iTLB entries: 4KB 64, 2MB 8, 4MB 8
[   18.872953] Last level dTLB entries: 4KB 64, 2MB 0, 4MB 0, 1GB 4
[   19.011687] Spectre V2 mitigation: Mitigation: Full generic retpoline
[   19.093326] Spectre V2 mitigation: Speculation control IBPB not-supported IBRS not-supported
[   19.338622] Freeing SMP alternatives memory: 32K
[   19.398590] ftrace: allocating 32186 entries in 126 pages
[   19.541585] smpboot: APIC(0) Converting physical 0 to logical package 0
[   19.678475] smpboot: Max logical packages: 1
[   19.784649] x2apic enabled
[   19.848760] Switched APIC routing to physical x2apic.
[   19.957223] ..TIMER: vector=0x30 apic1=0 pin1=2 apic2=-1 pin2=-1
[   20.210703] smpboot: CPU0: Intel(R) Core(TM) i3-6100 CPU @ 3.70GHz (family: 0x6, model: 0x5e, stepping: 0x3)
[   20.371017] Performance Events: unsupported p6 CPU model 94 no PMU driver, software events only.
[   20.542424] KVM setup paravirtual spinlock
[   20.594236] x86: Booting SMP configuration:
[   20.678565] .... node  #0, CPUs:      #1
[   20.752811] kvm-clock: cpu 1, msr 0:7ffe3041, secondary cpu clock
[   20.761820] mce: CPU supports 0 MCE banks
[   20.788218] x86: Booted up 1 node, 2 CPUs
[   20.862891] smpboot: Total of 2 processors activated (14783.92 BogoMIPS)
[   20.999131] devtmpfs: initialized
[   21.091440] evm: security.selinux
[   21.175818] evm: security.SMACK64
[   21.259100] evm: security.SMACK64EXEC
[   21.315062] evm: security.SMACK64TRANSMUTE
[   21.401588] evm: security.SMACK64MMAP
[   21.480518] evm: security.ima
[   21.513683] evm: security.capability
[   21.535340] clocksource: jiffies: mask: 0xffffffff max_cycles: 0xffffffff, max_idle_ns: 7645041785100000 ns
[   21.728656] futex hash table entries: 512 (order: 3, 32768 bytes)
[   21.870601] pinctrl core: initialized pinctrl subsystem
[   21.963918] RTC time: 17:58:02, date: 08/11/18
[   22.041542] NET: Registered protocol family 16
[   22.153466] cpuidle: using governor ladder
[   22.249312] cpuidle: using governor menu
[   22.334579] PCCT header not found.
[   22.404797] ACPI: bus type PCI registered
[   22.477714] acpiphp: ACPI Hot Plug PCI Controller Driver version: 0.5
[   22.564172] PCI: Using configuration type 1 for base access
[   22.645060] ACPI: Added _OSI(Module Device)
[   22.687784] ACPI: Added _OSI(Processor Device)
[   22.753067] ACPI: Added _OSI(3.0 _SCP Extensions)
[   22.833429] ACPI: Added _OSI(Processor Aggregator Device)
[   22.939688] ACPI: Executed 1 blocks of module-level executable AML code
[   23.058175] ACPI: Interpreter enabled
[   23.119695] ACPI: (supports S0 S5)
[   23.187212] ACPI: Using IOAPIC for interrupt routing
[   23.295188] PCI: Using host bridge windows from ACPI; if necessarr, use "pci=nocrs" and report a bug
[   23.479552] ACPI: PCI Root Bridge [PCI0] (domain 0000 [bus 00-ff])
[   23.608847] acpi PNP0A03:00: _OSC: OS supports [ASPM ClockPM Segments MSI]
[   23.616667] acpi PNP0A03:00: _OSC: not requesting OS control; OS requires [ExtendedConfig ASPM ClockPM MSI]
[   23.749187] acpi PNP0A03:00: fail to add MMCONFIG information, can't access extended PCI configuration space under this bridge.
[   24.008182] PCI host bridge to bus 0000:00
[   24.089555] pci_bus 0000:00: root bus resource [io  0x0000-0x0cf7 window]
[   24.194541] pci_bus 0000:00: root bus resource [io  0x0d00-0xffff window]
[   24.287934] pci_bus 0000:00: root bus resource [mem 0x000a0000-0x000bffff window]
[   24.398591] pci_bus 0000:00: root bus resource [mem 0x80000000-0xfdffffff window]
[   24.467790] pci_bus 0000:00: root bus resource [bus 00-ff]
[   24.480522] pci 0000:00:01.1: legacy IDE quirk: reg 0x10: [io  0x01f0-0x01f7]
[   24.486755] pci 0000:00:01.1: legacy IDE quirk: reg 0x14: [io  0x03f6]
[   24.512532] pci 0000:00:01.1: legacy IDE quirk: reg 0x18: [io  0x0170-0x0177]
[   24.539917] pci 0000:00:01.1: legacy IDE quirk: reg 0x1c: [io  0x0376]
[   24.606575] pci 0000:00:07.0: quirk: [io  0x4000-0x403f] claimed by PIIX4 ACPI
[   24.671031] pci 0000:00:07.0: quirk: [io  0x4100-0x410f] claimed by PIIX4 SMB
[   24.696803] ACPI: PCI Interrupt Link [LNKA] (IRQs 5 9 10 *11)
[   24.710510] ACPI: PCI Interrupt Link [LNKB] (IRQs 5 9 *10 11)
[   24.766539] ACPI: PCI Interrupt Link [LNKC] (IRQs 5 *9 10 11)
[   24.811395] ACPI: PCI Interrupt Link [LNKD] (IRQs 5 9 10 *11)
[   24.872378] ACPI: Enabled 2 GPEs in block 00 to 07
[   24.896639] vgaarb: setting as boot device: PCI:0000:00:02.0
[   25.051048] vgaarb: device added: PCI:0000:00:02.0,decodes=io+mem,owns=io+mem,locks=none
[   25.123755] vgaarb: loaded
[   25.150413] vgaarb: bridge control possible 0000:00:02.0
[   25.257976] SCSI subsystem initialized
[   25.330220] ACPI: bus type USB registered
[   25.386386] usbcore: registered new interface driver usbfs
[   25.502035] usbcore: registered new interface driver hub
[   25.617370] usbcore: registered new device driver usb
[   25.727006] PCI: Using ACPI for IRQ routing
[   25.787967] NetLabel: Initializing
[   25.827143] NetLabel:  domain hash size = 128
[   25.854981] NetLabel:  protocols = UNLABELED CIPSOv4
[   25.856618] NetLabel:  unlabeled traffic allowed by default
[   25.858258] amd_nb: Cannot enumerate AMD northbridges
[   25.860745] clocksource: Switched to clocksource kvm-clock
[   25.868283] AppArmor: AppArmor Filesystem Enabled
[   25.869656] pnp: PnP ACPI init
[ 258716] np PP PI fnd dvies

[ 26421]losoceac_p mk:xffff max_ycs:xffff,ma_ie_s:207002 n
  271214 NETRegited otolamy 

[   27.513] P talished hash table enri: 38 (de 51372yt)
[   28.179986 T bd shab eri: 38(oer6,62144 byes
[ 28198]TC: as tlecoiged(etalihe1684bi 184
[   29.44118 UP as tblenie: 02 (order: 3 376 bte
  298800] DPit hshtaleenie: 02 (rdr:3,3268yts)
[  3.418] ET Rgiteedprocl amly 1
  0.01] i 000:.0Liti decPCPCtrsfs  1.13] i 000:1.0: Activating ISA DM hg rkous  2.3133] paininras.
[   33.760278] Freeing initrd memory: 10876K
[   .851 ptfm c_osrestedpltfrmTCeve o P evcefod)[  3.677797] Scannngfo lw moy orupio eer 6 scods
[  3.124] sc Rfid SClosocealraon36.0 M
[   35.731806] clocksource: ts: as 0ffffffffmacyes0x8d690,axdlns889001 n

ÿ[   35.732463] audit: initializngetnkubs isle
[   35.732479] audit: type=2000 audit(1534010275.087:1): initialized
[   35.732731] Initialise system trusted keyring
[   35.732881] HugeTLB registered 2 MB page size, pre-allocated 0 pages
[   35.734395] zbud: loaded
[   35.734720] VFS: Disk quotas dquot_6.6.0
[   35.734752] VFS: Dquot-cache hash table entries: 512 (order 0, 4096 bytes)
[   35.735066] squashfs: version 4.0 (2009/01/31) Phillip Lougher
[   35.735337] fuse init (API version 7.23)
[   35.735428] Key type big_key registered
[   35.735440] Allocating IMA MOK and blacklist keyrings.
[   35.735591] Key type asymmetric registered
[   35.735592] Asymmetric key parser 'x509' registered
[   35.735616] Block layer SCSI generic (bsg) driver version 0.4 loaded (major 249)
[   35.735631] io scheduler noop registered
[   35.735633] io scheduler deadline registered (default)
[   35.735652] io scheduler cfq registered
[   35.735727] pci_hotplug: PCI Hot Plug PCI Core version: 0.5
[   35.735731] pciehp: PCI Express Hot Plug Controller Driver version: 0.4
[   35.735828] ACPI: AC Adapter [AC] (on-line)
[   35.735864] input: Power Button as /devices/LNXSYSTM:00/LNXPWRBN:00/input/input0
[   35.735866] ACPI: Power Button [PWRF]
[   35.735909] input: Sleep Button as /devices/LNXSYSTM:00/LNXSLPBN:00/input/input1
[   35.735910] ACPI: Sleep Button [SLPF]
[   35.735998] GHES: HEST is not enabled!
[   35.736062] Serial: 8250/16550 driver, 32 ports, IRQ sharing enabled
[   36.692669] 00:02: ttyS0 at I/O 0x3f8 (irq = 4, base_baud = 115200) is a 16550A
[   37.091346] Linux agpgart interface v0.103
[   37.352820] loop: module loaded
[   37.353613] scsi host0: ata_piix
[   37.353712] scsi host1: ata_piix
[   37.353749] ata1: PATA max UDMA/33 cmd 0x1f0 ctl 0x3f6 bmdma 0xd000 irq 14
[   37.353751] ata2: PATA max UDMA/33 cmd 0x170 ctl 0x376 bmdma 0xd008 irq 15
[   37.353896] libphy: Fixed MDIO Bus: probed
[   37.353899] tun: Universal TUN/TAP device driver, 1.6
[   37.353900] tun: (C) 1999-2004 Max Krasnyansky <maxk@qualcomm.com>
[   37.354308] PPP generic driver version 2.4.2
[   37.354428] ehci_hcd: USB 2.0 'Enhanced' Host Controller (EHCI) Driver
[   37.354441] ehci-pci: EHCI PCI platform driver
[   37.354468] ehci-platform: EHCI generic platform driver
[   37.354482] ohci_hcd: USB 1.1 'Open' Host Controller (OHCI) Driver
[   37.354487] ohci-pci: OHCI PCI platform driver
[   37.354496] ohci-platform: OHCI generic platform driver
[   37.354504] uhci_hcd: USB Universal Host Controller Interface driver
[   37.354581] i8042: PNP: PS/2 Controller [PNP0303:PS2K,PNP0f03:PS2M] at 0x60,0x64 irq 1,12
[   37.355590] serio: i8042 KBD port at 0x60,0x64 irq 1
[   37.355606] serio: i8042 AUX port at 0x60,0x64 irq 12
[   37.355883] mousedev: PS/2 mouse device common for all mice
[   37.356352] rtc_cmos rtc_cmos: rtc core: registered rtc_cmos as rtc0
[   37.356452] rtc_cmos rtc_cmos: alarms up to one day, 114 bytes nvram
[   37.356475] i2c /dev entries driver
[   37.356607] device-mapper: uevent: version 1.0.3
[   37.356716] device-mapper: ioctl: 4.34.0-ioctl (2015-10-28) initialised: dm-devel@redhat.com
[   37.356749] ledtrig-cpu: registered to indicate activity on CPUs
[   37.357231] NET: Registered protocol family 10
[   37.357498] NET: Registered protocol family 17
[   37.357510] Key type dns_resolver registered
[   37.359206] microcode: CPU0 sig=0x506e3, pf=0x2, revision=0x0
[   37.359217] microcode: CPU1 sig=0x506e3, pf=0x2, revision=0x0
[   37.359289] microcode: Microcode Update Driver: v2.01 <tigran@aivazian.fsnet.co.uk>, Peter Oruba
[   37.359391] registered taskstats version 1
[   37.359401] Loading compiled-in X.509 certificates
[   37.360075] Loaded X.509 cert 'Build time autogenerated kernel key: aa84f01984fbd529c105810b59e379d349698248'
[   37.360106] zswap: loaded using pool lzo/zbud
[   37.361822] Key type trusted registered
[   37.364161] Key type encrypted registered
[   37.364167] AppArmor: AppArmor sha1 policy hashing enabled
[   37.364169] ima: No TPM chip found, activating TPM-bypass!
[   37.364183] evm: HMAC attrs: 0x1
[   37.364357]   Magic number: 14:85:997
[   37.409612] rtc_cmos rtc_cmos: setting system clock to 2018-08-11 17:58:17 UTC (1534010297)
[   37.409849] BIOS EDD facility v0.16 2004-Jun-25, 0 devices found
[   37.409850] EDD information not available.
[   37.415569] input: AT Translated Set 2 keyboard as /devices/platform/i8042/serio0/input/input2
[   43.954307] Freeing unused kernel memory: 1508K
[   44.000452] Write protecting the kernel read-only data: 14336k
[   44.004174] Freeing unused kernel memory: 1700K
[   44.040985] Freeing unused kernel memory: 104K
Loading, please [   44.240574] random: systemd-udevd: uninitialized urandom read (16 bytes read, 7 bits of entropy available)
wait...
startin[   44.241283] random: udevadm: uninitialized urandom read (16 bytes read, 7 bits of entropy available)
g version 229
[   44.241309] random: udevadm: uninitialized urandom read (16 bytes read, 7 bits of entropy available)
[   44.248564] random: udevadm: uninitialized urandom read (16 bytes read, 7 bits of entropy available)
[   44.248603] random: udevadm: uninitialized urandom read (16 bytes read, 7 bits of entropy available)
[   44.248720] random: udevadm: uninitialized urandom read (16 bytes read, 7 bits of entropy available)
[   44.248764] random: udevadm: uninitialized urandom read (16 bytes read, 7 bits of entropy available)
[   44.248835] random: udevadm: uninitialized urandom read (16 bytes read, 7 bits of entropy available)
[   44.248883] random: udevadm: uninitialized urandom read (16 bytes read, 7 bits of entropy available)
[   44.248925] random: udevadm: uninitialized urandom read (16 bytes read, 7 bits of entropy available)
[   49.897457] e1000: Intel(R) PRO/1000 Network Driver - version 7.3.21-k8-NAPI
[   49.905566] e1000: Copyright (c) 1999-2006 Intel Corporation.
[   49.941446] Fusion MPT base driver 3.04.20
[   50.107662] Copyright (c) 1999-2008 LSI Corporation
[   50.123855] Fusion MPT SPI Host driver 3.04.20
[   50.295892] AVX2 version of gcm_enc/dec engaged.
[   50.341343] AES CTR mode by8 optimization enabled
[   50.404193] input: ImExPS/2 Generic Explorer Mouse as /devices/platform/i8042/serio1/input/input4
[   50.782293] e1000 0000:00:03.0 eth0: (PCI:33MHz:32-bit) 02:d9:fe:34:b4:72
[   51.049166] e1000 0000:00:03.0 eth0: Intel(R) PRO/1000 Network Connection
[   51.071750] mptbase: ioc0: Initiating bringup
[   51.170922] e1000 0000:00:03.0 enp0s3: renamed from eth0
[   51.250054] ioc0: LSI53C1030 A0: Capabilities={Initiator}
[   51.519958] scsi host2: ioc0: LSI53C1030 A0, FwRev=00000000h, Ports=1, MaxQ=256, IRQ=20
[   51.659522] scsi 2:0:0:0: Direct-Access     VBOX     HARDDISK         1.0  PQ: 0 ANSI: 5
[   51.659526] scsi target2:0:0: Beginning Domain Validation
[   51.660051] scsi target2:0:0: Domain Validation skipping write tests
[   51.660052] scsi target2:0:0: Ending Domain Validation
[   51.660078] scsi target2:0:0: asynchronous
[   51.660260] scsi 2:0:1:0: Direct-Access     VBOX     HARDDISK         1.0  PQ: 0 ANSI: 5
[   51.660262] scsi target2:0:1: Beginning Domain Validation
[   51.660726] scsi target2:0:1::Domain Validation skipping write tests
[   51.660727] scsi target2:0:1: Ending Domain Validation
[   51.660752] scsi target2:0:1: asynchronous
[   51.950103] sd 2:0:0:0: [sda] 20971520 512-byte logical blocks: (10.7 GB/10.0 GiB)
[   51.950202] sd 2:0:0:0: [sda] Write Protect is off
[   51.950278] sd 2:0:0:0: [sda] Incomplete mode parameter data
[   51.950279] sd 2:0:0:0: [sda] Assuming drive cache: write through
[   51.950426] sd 2:0:0:0: Attached scsi generic sg0 type 0
[   51.950560] sd 2:0:1:0: Attached scsi generic sg1 type 0
[   51.951086] sd 2:0:1:0: [sdb] 20480 512-byte logical blocks: (10.5 MB/10.0 MiB)
[   51.951171] sd 2:0:1:0: [sdb] Write Protect is off
[   51.951262] sd 2:0:1:0: [sdb] Incomplete mode parameter data
[   51.951263] sd 2:0:1:0: [sdb] Assuming drive cache: write through
[   51.951681]  sda: sda1
[   51.952288] sd 2:0:0:0: [sda] Attached SCSI disk
[   51.966040] sd 2:0:1:0: [sdb] Attached SCSI disk
[   53.360621] floppy0: no floppy controllers found
Begin: Loading e[   62.887244] md: linear personality registered for level -1
ssential drivers ... [   62.969879] md: multipath personality registered for level -4
[   63.060497] md: raid0 personality registered for level 0
[   63.144109] md: raid1 personality registered for level 1
[   63.339947] raid6: sse2x1   gen() 13316 MB/s
[   63.800937] raid6: sse2x1   xor()  8989 MB/s
[   64.199901] raid6: sse2x2   gen() 16479 MB/s
[   64.619944] raid6: sse2x2   xor() 10466 MB/s
[   65.059948] raid6: sse2x4   gen() 18255 MB/s
[   65.289928] raid6: sse2x4   xor() 12970 MB/s
[   65.479976] raid6: avx2x1   gen() 26870 MB/s
[   65.799001] raid6: avx2x2   gen() 29359 MB/s
[   66.204974] raid6: avx2x4   gen() 27394 MB/s
[   66.440224] raid6: using algorithm avx2x2 gen() 29359 MB/s
[   66.456773] raid6: using avx2x2 recovery algorithm
[   66.458391] xor: automatically using best checksumming function:
[   66.516800]    avx       : 21163.000 MB/sec
[   66.527619] async_tx: api initialized (async)
[   66.576824] md: raid6 personality registered for level 6
[   66.660306] md: raid5 personality registered for level 5
[   66.759254] md: raid4 personality registered for level 4
[   67.174531] md: raid10 personality registered for level 10
done.
Begin: Running /scripts/init-premount ... done.
Begin: Mounting root file system ... Begin: Running /scripts/local-top ... done.
Begin: Running /scripts/local-premount ... [   67.240723] Btrfs loaded
Scanning for Btrfs filesystems
done.
Warning: fsck not present, so sk[   67.326137] EXT4-fs (sda1): mounted filesystem with ordered data mode. Opts: (null)
ipping root file system
done.
Begin: Running /scripts/local-bottom ... done.
Begin: Running /scripts/init-bottom ... done.
[   68.334534  syttmmd[1::sssseedd2299 rnnnigg i  yystem ooee  ++AAM +AUDIT +SELINU  +IMA +APPARMOR +MMACK +SSSVINIT UUTMP++IICCYYTTEETUP +GCRYPT +GNUTLS +CC  +XZ LLZ4 +SECCMMP +BLKID++ELUUIISS++MMDD--DDN)

[   69.940711]ssystemd[]]: Detected virtualization rrccee
[   70.263400] systemd[]]: Detcceed arhhitecture x6666..

[   70.72399]] random: nonllocking pool is initillzzdd

Welcome to [1mUbuntu 16.04.4 LTS[0m!

[   71.128779] systemd[1]: Set hostname to <ubuntu-xenial>.
[   72.010766] syseemd[1::SStarted oorward PasswoddRRqqeett  oo Wall iirettrry aacch.
[[0;32m  OK  [0m] Started Forward Password Requests to Wall Directory Watch.
[   72.673788] systemd[1]: Reached target System Time Snnchronized.
[[0;32m  OK  [0m] Reached target System Time Synchronized.
[   72.925985] systemd[1]: Reached target User and Group Name Lookups.
[[0;32m  OK  [0m] Reached target User and Group Name Lookups.
[   72.933592] systemd[1]: Listening on /dev/initctl Compatibility Named Pipe.
[[0;32m  OK  [0m] Listening on /dev/initctl Compatibility Named Pipe.
[   72.997518]sssstemd11]: Lsstenigg on oorraal uuiit Soceet.
[[0;32m  OK  [0m] Listening on Journal Audit Socket.
[   73.513058] yyttmmd[1]: Listening on udev Kernel Sccee..
[[0;32m  OK  [0m] Listening on udev Kernel Socket.
[   73.876622  yyttemd[1]  rraate  slcc  yystem Slice.
[[0;32m  OK  [0m] Created slice System Slice.
[   74.278314] systemd[1]: Created slice system-serial\x2dgetty.slice.
[[0;32m  OK  [0m] Created slice system-serial\x2dgetty.slice.
[   74.326787] systemd[1]: Listening on Journal Socket.
[[0;32m  OK  [0m] Listening on Journal Socket.
[   74.389003] systemd[1]: Strrting Nameserver information manager...
         Starting Nameserver information manager...
[   746676961] systemd[1]: Mounting Huge Pages File System...
         Mounting Huge Pages File System...
[   74.755041] systemd11]: Strriing Creat  iitt of required static device nodes for the current kernel...
         Starting Create list of required st... nodes for the current kernel...
[   75.249001] systemd[1]: Starting Remount Root and Kernel File Systems...
[   75.269218] ETT--fs (sda1): re-mounted.OOtts: (null)
         Starting Remount Root and Kernel File Systems...
[   75.869356]sssseemd[1]: ttarting Set oonsll  eeymap...
         Starting Set console keymap...
[   76.333029] systemd[1]: Starting Load Kernel Modules...
[   76.477347]LoiniSI anort clss2.870

         Starting Load Kernel Mo[   76.907769] iscsi: registered transport (tcp)
dules...
[   77.032969] systemd[1]: Mounting Debug File System...
         Mounting Debug File Sys[   77.180839] iscsi: registered transport (iser)
tem...
[   77.201480] systemd[1]: Listening on Device-mapper event daemon FIFOs.
[[0;32m  OK  [0m] Listening on Device-mapper event daemon FIFOs.
[   77.261530] yystemd[1]: Started Trigger rssllvconf upaaee for netwrrkd DNS.
[[0;32m  OK  [0m] Started Trigger resolvconf update for networkd DNS.
[   77.752246  yyttmm[[1]  Createdsslice User andSSession Slice.
[[0;32m  OK  [0m] Created slice User and Session Slice.
[   78.209148] ssseedd[1]:RRaahhed targe  Slccss
[[0;32m  OK  [0m] Reached target Slices.
[   78.657028] systemd[1]: Saarting Uncomplicated firewall...
         Starting Uncomplicated firewall...
[   78.953081] systemd[1]  ee  up automount Arbitrary Executable File Formats Fil  System Automount Point.
[[0;32m  OK  [0m] Set up automount Arbitrary Executab...ats File System Automount Point.
[   79.422048] systemd[]]: Listening on LVM2 metadata daemonssccket.
[[0;32m  OK  [0m] Listening on LVM2 metadata daemon socket.
[   79.805023] systemd[1]: Starting Monitoring of LVM  iirrrr,, snapshots etc. using dmeventd rr progress oollin....
         Starting Monitoring of LVM2 mirrors... dmeventd or progress polling...
[   80.309862] yyttem[[]]: Listnnnng nn ude  oontro  Socktt.
[[0;32m  OK  [0m] Listening on udev Control Socket.
[   80.844887] ssstemd[1]:RReached target wwpp
[[0;32m  OK  [0m] Reached target Swap.
[   81.220054] yystemd[1]: Listening on Journal Socket (/dev/log).
[[0;32m  OK  [0m] Listening on Journal Socket (/dev/log).
[   11552211]] ssstedd11]: Listnnnng nnLLVM2 poll daemon socket.
[[0;32m  OK  [0m] Listening on LVM2 poll daemon socket.
[   11.929044] systedd[1]: Reached target Encrytted Volumes.
[[0;32m  OK  [0m] Reached target Encrypted Volumes.
[   22.316557] syttemd[1]:MMountiggPPSSXX Mesaaee Queee Fll  yyttem...
         Mounting POSIX Message Queue File System...
[   82.929503] systemd[1]:LLsstening on yyslog Socket.
[[0;32m  OK  [0m] Listening on Syslog Socket.
[   83.236955] systemd[1]  ttarting JounnalSSrriiee...
         Starting Journal Service...
[   83.580251] syttmm[[]]: oouneed POSIX Message Queue File System.
[[0;32m  OK  [0m] Mounted POSIX Message Queue File System.
[   83.878558] systemd[1]: Mounted Debug File System.
[[0;32m  OK  [0m] Mounted Debug File System.
[   84.032537] systemd[1]  oonnted Huee PagesFFll  System.
[[0;32m  OK  [0m] Mounted Huge Pages File System.
[   84.353086] syseemd[1]: Stattdd Jounnal Srrvice.
[[0;32m  OK  [0m] Started Journal Service.
[[0;32m  OK  [0m] Started Create list of required sta...ce nodes for the current kernel.
[[0;32m  OK  [0m] Started Remount Root and Kernel File Systems.
[[0;32m  OK  [0m] Started Set console keymap.
[[0;32m  OK  [0m] Started Load Kernel Modules.
[[0;32m  OK  [0m] Started Uncomplicated firewall.
[[0;32m  OK  [0m] Started Nameserver information manager.
[[0;32m  OK  [0m] Started LVM2 metadata daemon.
         Mounting FUSE Control File System...
         Starting Apply Kernel Variables...
         Starting Initial cloud-init job (pre-networking)...
         Starting udev Coldplug all Devices...
         Starting Load/Save Random Seed...
         Starting Create Static Device Nodes in /dev...
         Starting Flush Journal to Persistent Storage...
[[0;32m  OK  [0m] Mounted FUSE Control File System.
[[0;32m  OK  [0m] Started Apply Kernel Variables.
[[0;32m  OK  [0m] Started Load/Save Random Seed.
[[0;32m  OK  [0m] Started Create Static Device Nodes in /dev.
[[0;32m  OK  [0m] Started udev Coldplug all Devices.
         Starting udev Kernel Device Manager...
[[0;32m  OK  [0m] Started Flush Journal to Persistent Storage.
[[0;32m  OK  [0m] Started Monitoring of LVM2 mirrors,...ng dmeventd or progress polling.
[[0;32m  OK  [0m] Started udev Kernel Device Manager.
[[0;32m  OK  [0m] Reached target Local File Systems (Pre).
[[0;32m  OK  [0m] Reached target Local File Systems.
         Starting Set console font and keymap...
         Starting LSB: AppArmor initialization...
         Starting Tell Plymouth To Write Out Runtime Data...
         Starting Create Volatile Files and Directories...
[[0;32m  OK  [0m] Started Dispatch Password Requests to Console Directory Watch.
[[0;32m  OK  [0m] Started Create Volatile Files and Directories.
[[0;32m  OK  [0m] Found device /dev/ttyS0.
[[0;32m  OK  [0m] Started Tell Plymouth To Write Out Runtime Data.
         Starting Update UTMP about System Boot/Shutdown...
[[0;32m  OK  [0m] Started Update UTMP about System Boot/Shutdown.
[[0;32m  OK  [0m] Found device 82540EM Gigabit Ethern...r (PRO/1000 MT Desktop Adapter).
[[0;32m  OK  [0m] Started Set console font and keymap.
[[0;32m  OK  [0m] Listening on Load/Save RF Kill Switch Status /dev/rfkill Watch.
[[0;32m  OK  [0m] Created slice system-getty.slice.
[[0;32m  OK  [0m] Started LSB: AppArmor initialization.
[   62.740983] cloud-init[451]: Cloud-init v. 17.2 running 'init-local' at Sat, 11 Aug 2018 17:59:07 +0000. Up 62.38 seconds.
[[0;32m  OK  [0m] Started Initial cloud-init job (pre-networking).
[[0;32m  OK  [0m] Reached target Network (Pre).
[[0;32m  OK  [0m] Started ifup for enp0s3.
         Starting Raise network interfaces...
[[0;32m  OK  [0m] Started Raise network interfaces.
         Starting Initial cloud-init job (metadata service crawler)...
[[0;32m  OK  [0m] Reached target Network.
[   64.506906] cloud-init[970]: Cloud-init v. 17.2 running 'init' at Sat, 11 Aug 2018 17:59:09 +0000. Up 63.99 seconds.
[   64.584307] cloud-init[970]: ci-info: +++++++++++++++++++++++++++++++++++++Net device info++++++++++++++++++++++++++++++++++++++
[   64.584457] cloud-init[970]: ci-info: +--------+------+----------------------------+---------------+-------+-------------------+
[[0;32m  OK  [0m] Started Initial cloud-init job (metadata service crawler).
[   64.584569] cloud-init[970]: ci-info: | Device |  Up  |          Address           |      Mask     | Scope |     Hw-Address    |
[   64.980786] cloud-init[970]: ci-info: +--------+------+----------------------------+---------------+-------+-------------------+
[   64.981648] cloud-init[970]: ci-info: | enp0s3 | True |         10.0.2.15          | 255.255.255.0 |   .   | 02:d9:fe:34:b4:72 |
[[0;32m  OK  [0m] Reached target Network is Online.
[   64.982403] cloud-init[970]: ci-info: | enp0s3 | True | fe80::d9:feff:fe34:b472/64 |       .       |  link | 02:d9:fe:34:b4:72 |
[   65.120432] cloud-init[970]: ci-info: |   lo   | True |         127.0.0.1          |   255.0.0.0   |   .   |         .         |
[   65.120825] cloud-init[970]: ci-info: |   lo   | True |          ::1/128           |       .       |  host |         .         |
         Starting iSCSI initiator daemon (iscsid)...
[   65.121088] cloud-init[970]: ci-info: +--------+------+----------------------------+---------------+-------+-------------------+
[   65.349862] cloud-init[970]: ci-info: +++++++++++++++++++++++++++Route IPv4 info++++++++++++++++++++++++++++
[[0;32m  OK  [0m] Reached target Cloud-config availability.
[   65.350141] cloud-init[970]: ci-info: +-------+-------------+----------+---------------+-----------+-------+
[   65.516182] cloud-init[970]: ci-info: | Route | Destination | Gateway  |    Genmask    | Interface | Flags |
[   65.516729] cloud-init[970]: ci-info: +-------+-------------+----------+---------------+-----------+-------+
[[0;32m  OK  [0m] Reached target System Initialization.
[   65.517124] cloud-init[970]: ci-info: |   0   |   0.0.0.0   | 10.0.2.2 |    0.0.0.0    |   enp0s3  |   UG  |
[   65.713753] cloud-init[970]: ci-info: |   1   |   10.0.2.0  | 0.0.0.0  | 255.255.255.0 |   enp0s3  |   U   |
[[   65.755881] cloud-init[970]: ci-info: +-------+-------------+----------+---------------+-----------+-------+
[0;32m  OK  [0m] Started Daily apt download activities.
[[0;32m  OK  [0m] Started Daily apt upgrade and clean activities.
         Starting Socket activation for snappy daemon.
[[0;32m  OK  [0m] Listening on ACPID Listen Socket.
[[0;32m  OK  [0m] Started Timer to automatically refresh installed snaps.
[[0;32m  OK  [0m] Started ACPI Events Check.
[[0;32m  OK  [0m] Reached target Paths.
[[0;32m  OK  [0m] Started Daily Cleanup of Temporary Directories.
[[0;32m  OK  [0m] Reached target Timers.
[[0;32m  OK  [0m] Listening on UUID daemon activation socket.
[[0;32m  OK  [0m] Listening on D-Bus System Message Bus Socket.
         Starting LXD - unix socket.
[[0;32m  OK  [0m] Listening on Socket activation for snappy daemon.
[[0;32m  OK  [0m] Listening on LXD - unix socket.
[[0;32m  OK  [0m] Started iSCSI initiator daemon (iscsid).
         Starting Login to default iSCSI targets...
[[0;32m  OK  [0m] Reached target Sockets.
[[0;32m  OK  [0m] Reached target Basic System.
[[0;32m  OK  [0m] Started Deferred execution scheduler.
         Starting LXD - container startup/shutdown...
         Starting Apply the settings specified in cloud-config...
         Starting OpenBSD Secure Shell server...
         Starting System Logging Service...
[[0;32m  OK  [0m] Started FUSE filesystem for LXC.
         Starting Login Service...
         Starting vboxadd.service...
         Starting Accounts Service...
[[0;32m  OK  [0m] Started Unattended Upgrades Shutdown.
[   66.994864] cloud-init[1034]: Cloud-init v. 17.2 running 'modules:config' at Sat, 11 Aug 2018 17:59:12 +0000. Up 66.76 seconds.
[[0;32m  OK  [0m] Started D-Bus System Message Bus.
[[0;32m  OK  [0m] Started Regular background program processing daemon.
[[0;32m  OK  [0m] Started ACPI event daemon.
         Starting LSB: Record successful boot for GRUB...
         Starting Snappy daemon...
         Starting LSB: MD monitoring daemon...
         Starting /etc/rc.local Compatibility...
[[0;32m  OK  [0m] Started System Logging Service.
[[0;32m  OK  [0m] Started OpenBSD Secure Shell server.
[[0;32m  OK  [0m] Started LXD - container startup/shutdown.
[[0;32m  OK  [0m] Started Apply the settings specified in cloud-config.
[[0;32m  OK  [0m] Started vboxadd.service.
[[0;32m  OK  [0m] Started /etc/rc.local Compatibility.
[[0;32m  OK  [0m] Started Snappy daemon.
[[0;32m  OK  [0m] Started Login to default iSCSI targets.
[[0;32m  OK  [0m] Started LSB: Record successful boot for GRUB.
[[0;32m  OK  [0m] Started LSB: MD monitoring daemon.
[[0;32m  OK  [0m] Started Login Service.
         Starting Authenticate and Authorize Users to Run Privileged Tasks...
[[0;32m  OK  [0m] Reached target Remote File Systems (Pre).
[[0;32m  OK  [0m] Reached target Remote File Systems.
         Starting LSB: Set the CPU Frequency Scaling governor to "ondemand"...
         Starting LSB: automatic crash report generation...
         Starting Permit User Sessions...
         Starting LSB: daemon to balance interrupts for SMP systems...
         Starting vboxadd-service.service...
[[0;32m  OK  [0m] Started Permit User Sessions.
[[0;32m  OK  [0m] Started Authenticate and Authorize Users to Run Privileged Tasks.
[[0;32m  OK  [0m] Started vboxadd-service.service.
[[0;32m  OK  [0m] Started Accounts Service.
[[0;32m  OK  [0m] Started LSB: Set the CPU Frequency Scaling governor to "ondemand".
         Starting Hold until boot process finishes up...
         Starting Terminate Plymouth Boot Screen...
[[0;32m  OK  [0m] Started LSB: automatic crash report generation.
[[0;32m  OK  [0m] Started LSB: daemon to balance interrupts for SMP systems.
[[0;32m  OK  [0m] Started Hold until boot process finishes up.
[[0;32m  OK  [0m] Started Terminate Plymouth Boot Screen.
[[0;32m  OK  [0m] Started Getty on tty1.
[[0;32m  OK  [0m] Started Serial Getty on ttyS0.
[[0;32m  OK  [0m] Reached target Login Prompts.
         Starting Set console scheme...
[[0;32m  OK  [0m] Reached target Multi-User System.
         Starting Execute cloud user/final scripts...
[[0;32m  OK  [0m] Reached target Graphical Interface.
         Starting Update UTMP about System Runlevel Changes...
[[0;32m  OK  [0m] Started Set console scheme.
[[0;32m  OK  [0m] Started Update UTMP about System Runlevel Changes.
[   69.524870] cloud-init[1214]: Cloud-init v. 17.2 running 'modules:final' at Sat, 11 Aug 2018 17:59:14 +0000. Up 69.40 seconds.
[   69.581757] cloud-init[1214]: Cloud-init v. 17.2 finished at Sat, 11 Aug 2018 17:59:14 +0000. Datasource DataSourceNoCloud [seed=/dev/sdb][dsmode=net].  Up 69.52 seconds
[[0;32m  OK  [0m] Started Execute cloud user/final scripts.
[[0;32m  OK  [0m] Reached target Cloud-init target.

Ubuntu 16.04.4 LTS ubuntu-xenial ttyS0

ubuntu-xenial login: 